<!DOCTYPE suite SYSTEM "https://testng.org/testng-1.0.dtd">
<suite name="Carina Demo Tests - Mobile UI (Android)" verbose="1" parallel="methods">
    <test name="Mobile test MFP on Android ">
        <parameter name="isPerform" value="false"/>
        <classes>
            <class name="com.qaprosoft.carina.myfp.ValidationElementsTest"/>
            <class name="com.qaprosoft.carina.myfp.AccountPageTest"/>
            <class name="com.qaprosoft.carina.myfp.CurrentWeightTest">
            </class>
        </classes>
    </test>
</suite>
